<?xml version="1.0" encoding="UTF-8"?>
<coverage generated="1624648126469" clover="3.2.0">
  <project timestamp="1624648126469" name="All files">
    <metrics statements="3" coveredstatements="3" conditionals="0" coveredconditionals="0" methods="0" coveredmethods="0" elements="3" coveredelements="3" complexity="0" loc="3" ncloc="3" packages="1" files="1" classes="1"/>
    <file name="HelloWorld.vue" path="/Users/devontegabriel/ATAT/atat-web-ui/src/components/HelloWorld.vue">
      <metrics statements="3" coveredstatements="3" conditionals="0" coveredconditionals="0" methods="0" coveredmethods="0"/>
      <line num="138" count="1" type="stmt"/>
      <line num="141" count="2" type="stmt"/>
      <line num="142" count="1" type="stmt"/>
    </file>
  </project>
</coverage>
