{"/Users/gzus/Documents/projects/huntersS/a/atat-web-ui/src/App.vue": {"path":"/Users/gzus/Documents/projects/huntersS/a/atat-web-ui/src/App.vue","statementMap":{"0":{"start":{"line":20,"column":0},"end":{"line":20,"column":null}},"1":{"start":{"line":21,"column":0},"end":{"line":21,"column":null}},"2":{"start":{"line":22,"column":0},"end":{"line":22,"column":null}},"3":{"start":{"line":23,"column":0},"end":{"line":23,"column":null}},"4":{"start":{"line":24,"column":0},"end":{"line":24,"column":null}},"5":{"start":{"line":34,"column":0},"end":{"line":34,"column":null}},"6":{"start":{"line":36,"column":0},"end":{"line":36,"column":null}},"7":{"start":{"line":34,"column":0},"end":{"line":26,"column":null}}},"fnMap":{"0":{"name":"(anonymous_1)","decl":{"start":{"line":35,"column":0},"end":{"line":35,"column":null}},"loc":{"start":{"line":35,"column":0},"end":{"line":37,"column":null}}}},"branchMap":{},"s":{"0":0,"1":0,"2":0,"3":0,"4":0,"5":0,"6":0,"7":0},"f":{"0":0},"b":{}}
,"/Users/gzus/Documents/projects/huntersS/a/atat-web-ui/src/components/ATATFooter.vue": {"path":"/Users/gzus/Documents/projects/huntersS/a/atat-web-ui/src/components/ATATFooter.vue","statementMap":{"0":{"start":{"line":12,"column":0},"end":{"line":12,"column":null}},"1":{"start":{"line":13,"column":0},"end":{"line":13,"column":null}},"2":{"start":{"line":14,"column":0},"end":{"line":14,"column":null}},"3":{"start":{"line":16,"column":0},"end":{"line":16,"column":null}},"4":{"start":{"line":18,"column":0},"end":{"line":18,"column":null}}},"fnMap":{"0":{"name":"(anonymous_1)","decl":{"start":{"line":17,"column":0},"end":{"line":17,"column":null}},"loc":{"start":{"line":17,"column":0},"end":{"line":19,"column":null}}}},"branchMap":{},"s":{"0":0,"1":0,"2":0,"3":0,"4":0},"f":{"0":0},"b":{}}
,"/Users/gzus/Documents/projects/huntersS/a/atat-web-ui/src/components/ATATHeader.vue": {"path":"/Users/gzus/Documents/projects/huntersS/a/atat-web-ui/src/components/ATATHeader.vue","statementMap":{"0":{"start":{"line":26,"column":0},"end":{"line":26,"column":null}},"1":{"start":{"line":27,"column":0},"end":{"line":27,"column":null}},"2":{"start":{"line":28,"column":0},"end":{"line":28,"column":null}},"3":{"start":{"line":29,"column":0},"end":{"line":29,"column":null}},"4":{"start":{"line":37,"column":0},"end":{"line":37,"column":null}},"5":{"start":{"line":38,"column":0},"end":{"line":38,"column":null}},"6":{"start":{"line":41,"column":0},"end":{"line":41,"column":null}},"7":{"start":{"line":37,"column":0},"end":{"line":31,"column":null}}},"fnMap":{"0":{"name":"(anonymous_1)","decl":{"start":{"line":37,"column":0},"end":{"line":37,"column":null}},"loc":{"start":{"line":37,"column":0},"end":{"line":43,"column":null}}},"1":{"name":"(anonymous_2)","decl":{"start":{"line":40,"column":0},"end":{"line":40,"column":null}},"loc":{"start":{"line":40,"column":0},"end":{"line":42,"column":null}}}},"branchMap":{},"s":{"0":0,"1":0,"2":0,"3":0,"4":0,"5":0,"6":0,"7":0},"f":{"0":0,"1":0},"b":{}}
,"/Users/gzus/Documents/projects/huntersS/a/atat-web-ui/src/components/ATATHeaderNav.vue": {"path":"/Users/gzus/Documents/projects/huntersS/a/atat-web-ui/src/components/ATATHeaderNav.vue","statementMap":{"0":{"start":{"line":26,"column":0},"end":{"line":26,"column":null}},"1":{"start":{"line":27,"column":0},"end":{"line":27,"column":null}},"2":{"start":{"line":31,"column":0},"end":{"line":31,"column":null}},"3":{"start":{"line":34,"column":0},"end":{"line":34,"column":null}},"4":{"start":{"line":38,"column":0},"end":{"line":38,"column":null}},"5":{"start":{"line":45,"column":0},"end":{"line":45,"column":null}},"6":{"start":{"line":49,"column":0},"end":{"line":49,"column":null}},"7":{"start":{"line":54,"column":0},"end":{"line":56,"column":null}},"8":{"start":{"line":55,"column":0},"end":{"line":55,"column":null}},"9":{"start":{"line":58,"column":0},"end":{"line":60,"column":null}},"10":{"start":{"line":59,"column":0},"end":{"line":59,"column":null}}},"fnMap":{"0":{"name":"(anonymous_1)","decl":{"start":{"line":33,"column":0},"end":{"line":33,"column":null}},"loc":{"start":{"line":33,"column":0},"end":{"line":35,"column":null}}},"1":{"name":"(anonymous_2)","decl":{"start":{"line":37,"column":0},"end":{"line":37,"column":null}},"loc":{"start":{"line":37,"column":0},"end":{"line":41,"column":null}}},"2":{"name":"(anonymous_3)","decl":{"start":{"line":44,"column":0},"end":{"line":44,"column":null}},"loc":{"start":{"line":44,"column":0},"end":{"line":46,"column":null}}},"3":{"name":"(anonymous_4)","decl":{"start":{"line":48,"column":0},"end":{"line":48,"column":null}},"loc":{"start":{"line":48,"column":0},"end":{"line":50,"column":null}}},"4":{"name":"(anonymous_5)","decl":{"start":{"line":53,"column":0},"end":{"line":53,"column":null}},"loc":{"start":{"line":53,"column":0},"end":{"line":61,"column":null}}}},"branchMap":{"0":{"loc":{"start":{"line":38,"column":0},"end":{"line":38,"column":null}},"type":"cond-expr","locations":[{"start":{"line":38,"column":0},"end":{"line":38,"column":null}},{"start":{"line":38,"column":0},"end":{"line":38,"column":null}}]},"1":{"loc":{"start":{"line":54,"column":0},"end":{"line":56,"column":null}},"type":"if","locations":[{"start":{"line":54,"column":0},"end":{"line":56,"column":null}},{"start":{"line":54,"column":0},"end":{"line":56,"column":null}}]},"2":{"loc":{"start":{"line":54,"column":0},"end":{"line":54,"column":null}},"type":"binary-expr","locations":[{"start":{"line":54,"column":0},"end":{"line":54,"column":null}},{"start":{"line":54,"column":0},"end":{"line":54,"column":null}}]},"3":{"loc":{"start":{"line":58,"column":0},"end":{"line":60,"column":null}},"type":"if","locations":[{"start":{"line":58,"column":0},"end":{"line":60,"column":null}},{"start":{"line":58,"column":0},"end":{"line":60,"column":null}}]}},"s":{"0":0,"1":0,"2":0,"3":0,"4":0,"5":0,"6":0,"7":0,"8":0,"9":0,"10":0},"f":{"0":0,"1":0,"2":0,"3":0,"4":0},"b":{"0":[0,0],"1":[0,0],"2":[0,0],"3":[0,0]}}
,"/Users/gzus/Documents/projects/huntersS/a/atat-web-ui/src/components/ATATSelect.vue": {"path":"/Users/gzus/Documents/projects/huntersS/a/atat-web-ui/src/components/ATATSelect.vue","statementMap":{"0":{"start":{"line":46,"column":0},"end":{"line":46,"column":null}},"1":{"start":{"line":47,"column":0},"end":{"line":47,"column":null}},"2":{"start":{"line":50,"column":0},"end":{"line":50,"column":null}},"3":{"start":{"line":58,"column":0},"end":{"line":58,"column":null}},"4":{"start":{"line":54,"column":0},"end":{"line":51,"column":null}},"5":{"start":{"line":52,"column":0},"end":{"line":52,"column":null}},"6":{"start":{"line":55,"column":0},"end":{"line":55,"column":null}}},"fnMap":{"0":{"name":"(anonymous_1)","decl":{"start":{"line":50,"column":0},"end":{"line":50,"column":null}},"loc":{"start":{"line":50,"column":0},"end":{"line":59,"column":null}}},"1":{"name":"(anonymous_2)","decl":{"start":{"line":52,"column":0},"end":{"line":52,"column":null}},"loc":{"start":{"line":52,"column":0},"end":{"line":52,"column":null}}}},"branchMap":{},"s":{"0":0,"1":0,"2":0,"3":0,"4":0,"5":0,"6":0},"f":{"0":0,"1":0},"b":{}}
,"/Users/gzus/Documents/projects/huntersS/a/atat-web-ui/src/components/ATATSideBar.vue": {"path":"/Users/gzus/Documents/projects/huntersS/a/atat-web-ui/src/components/ATATSideBar.vue","statementMap":{"0":{"start":{"line":61,"column":0},"end":{"line":61,"column":null}},"1":{"start":{"line":63,"column":0},"end":{"line":63,"column":null}},"2":{"start":{"line":65,"column":0},"end":{"line":65,"column":null}},"3":{"start":{"line":66,"column":0},"end":{"line":66,"column":null}},"4":{"start":{"line":68,"column":0},"end":{"line":71,"column":null}}},"fnMap":{"0":{"name":"(anonymous_1)","decl":{"start":{"line":65,"column":0},"end":{"line":65,"column":null}},"loc":{"start":{"line":65,"column":0},"end":{"line":73,"column":null}}}},"branchMap":{},"s":{"0":0,"1":0,"2":0,"3":0,"4":0},"f":{"0":0},"b":{}}
,"/Users/gzus/Documents/projects/huntersS/a/atat-web-ui/src/components/ATATTextArea.vue": {"path":"/Users/gzus/Documents/projects/huntersS/a/atat-web-ui/src/components/ATATTextArea.vue","statementMap":{"0":{"start":{"line":35,"column":0},"end":{"line":35,"column":null}},"1":{"start":{"line":36,"column":0},"end":{"line":36,"column":null}},"2":{"start":{"line":39,"column":0},"end":{"line":39,"column":null}},"3":{"start":{"line":40,"column":0},"end":{"line":40,"column":null}},"4":{"start":{"line":52,"column":0},"end":{"line":52,"column":null}},"5":{"start":{"line":53,"column":0},"end":{"line":53,"column":null}},"6":{"start":{"line":56,"column":0},"end":{"line":56,"column":null}},"7":{"start":{"line":60,"column":0},"end":{"line":60,"column":null}},"8":{"start":{"line":42,"column":0},"end":{"line":42,"column":null}},"9":{"start":{"line":43,"column":0},"end":{"line":43,"column":null}},"10":{"start":{"line":44,"column":0},"end":{"line":44,"column":null}},"11":{"start":{"line":45,"column":0},"end":{"line":45,"column":null}},"12":{"start":{"line":46,"column":0},"end":{"line":46,"column":null}},"13":{"start":{"line":47,"column":0},"end":{"line":47,"column":null}},"14":{"start":{"line":48,"column":0},"end":{"line":48,"column":null}},"15":{"start":{"line":49,"column":0},"end":{"line":49,"column":null}}},"fnMap":{"0":{"name":"(anonymous_1)","decl":{"start":{"line":39,"column":0},"end":{"line":39,"column":null}},"loc":{"start":{"line":39,"column":0},"end":{"line":62,"column":null}}},"1":{"name":"(anonymous_2)","decl":{"start":{"line":55,"column":0},"end":{"line":55,"column":null}},"loc":{"start":{"line":55,"column":0},"end":{"line":61,"column":null}}}},"branchMap":{"0":{"loc":{"start":{"line":56,"column":0},"end":{"line":56,"column":null}},"type":"cond-expr","locations":[{"start":{"line":56,"column":0},"end":{"line":56,"column":null}},{"start":{"line":56,"column":0},"end":{"line":56,"column":null}}]},"1":{"loc":{"start":{"line":60,"column":0},"end":{"line":60,"column":null}},"type":"cond-expr","locations":[{"start":{"line":60,"column":0},"end":{"line":60,"column":null}},{"start":{"line":60,"column":0},"end":{"line":60,"column":null}}]}},"s":{"0":0,"1":0,"2":0,"3":0,"4":0,"5":0,"6":0,"7":0,"8":0,"9":0,"10":0,"11":0,"12":0,"13":0,"14":0,"15":0},"f":{"0":0,"1":0},"b":{"0":[0,0],"1":[0,0]}}
,"/Users/gzus/Documents/projects/huntersS/a/atat-web-ui/src/components/ATATTextField.vue": {"path":"/Users/gzus/Documents/projects/huntersS/a/atat-web-ui/src/components/ATATTextField.vue","statementMap":{"0":{"start":{"line":37,"column":0},"end":{"line":37,"column":null}},"1":{"start":{"line":38,"column":0},"end":{"line":38,"column":null}},"2":{"start":{"line":41,"column":0},"end":{"line":41,"column":null}},"3":{"start":{"line":42,"column":0},"end":{"line":42,"column":null}},"4":{"start":{"line":52,"column":0},"end":{"line":52,"column":null}},"5":{"start":{"line":53,"column":0},"end":{"line":53,"column":null}},"6":{"start":{"line":54,"column":0},"end":{"line":54,"column":null}},"7":{"start":{"line":57,"column":0},"end":{"line":57,"column":null}},"8":{"start":{"line":58,"column":0},"end":{"line":60,"column":null}},"9":{"start":{"line":59,"column":0},"end":{"line":59,"column":null}},"10":{"start":{"line":64,"column":0},"end":{"line":64,"column":null}},"11":{"start":{"line":44,"column":0},"end":{"line":44,"column":null}},"12":{"start":{"line":45,"column":0},"end":{"line":45,"column":null}},"13":{"start":{"line":46,"column":0},"end":{"line":46,"column":null}},"14":{"start":{"line":47,"column":0},"end":{"line":47,"column":null}},"15":{"start":{"line":48,"column":0},"end":{"line":48,"column":null}},"16":{"start":{"line":49,"column":0},"end":{"line":49,"column":null}}},"fnMap":{"0":{"name":"(anonymous_1)","decl":{"start":{"line":41,"column":0},"end":{"line":41,"column":null}},"loc":{"start":{"line":41,"column":0},"end":{"line":66,"column":null}}},"1":{"name":"(anonymous_2)","decl":{"start":{"line":56,"column":0},"end":{"line":56,"column":null}},"loc":{"start":{"line":56,"column":0},"end":{"line":61,"column":null}}},"2":{"name":"(anonymous_3)","decl":{"start":{"line":63,"column":0},"end":{"line":63,"column":null}},"loc":{"start":{"line":63,"column":0},"end":{"line":65,"column":null}}}},"branchMap":{"0":{"loc":{"start":{"line":58,"column":0},"end":{"line":60,"column":null}},"type":"if","locations":[{"start":{"line":58,"column":0},"end":{"line":60,"column":null}},{"start":{"line":58,"column":0},"end":{"line":60,"column":null}}]},"1":{"loc":{"start":{"line":59,"column":0},"end":{"line":59,"column":null}},"type":"cond-expr","locations":[{"start":{"line":59,"column":0},"end":{"line":59,"column":null}},{"start":{"line":59,"column":0},"end":{"line":59,"column":null}}]}},"s":{"0":0,"1":0,"2":0,"3":0,"4":0,"5":0,"6":0,"7":0,"8":0,"9":0,"10":0,"11":0,"12":0,"13":0,"14":0,"15":0,"16":0},"f":{"0":0,"1":0,"2":0},"b":{"0":[0,0],"1":[0,0]}}
,"/Users/gzus/Documents/projects/huntersS/a/atat-web-ui/src/components/SecurityBanner.vue": {"path":"/Users/gzus/Documents/projects/huntersS/a/atat-web-ui/src/components/SecurityBanner.vue","statementMap":{"0":{"start":{"line":21,"column":0},"end":{"line":21,"column":null}},"1":{"start":{"line":22,"column":0},"end":{"line":22,"column":null}},"2":{"start":{"line":32,"column":0},"end":{"line":32,"column":null}},"3":{"start":{"line":33,"column":0},"end":{"line":33,"column":null}},"4":{"start":{"line":48,"column":0},"end":{"line":48,"column":null}},"5":{"start":{"line":49,"column":0},"end":{"line":49,"column":null}},"6":{"start":{"line":53,"column":0},"end":{"line":53,"column":null}},"7":{"start":{"line":56,"column":0},"end":{"line":56,"column":null}}},"fnMap":{"0":{"name":"(anonymous_1)","decl":{"start":{"line":32,"column":0},"end":{"line":32,"column":null}},"loc":{"start":{"line":32,"column":0},"end":{"line":58,"column":null}}},"1":{"name":"(anonymous_2)","decl":{"start":{"line":52,"column":0},"end":{"line":52,"column":null}},"loc":{"start":{"line":52,"column":0},"end":{"line":54,"column":null}}},"2":{"name":"(anonymous_3)","decl":{"start":{"line":55,"column":0},"end":{"line":55,"column":null}},"loc":{"start":{"line":55,"column":0},"end":{"line":57,"column":null}}}},"branchMap":{},"s":{"0":0,"1":0,"2":0,"3":0,"4":0,"5":0,"6":0,"7":0},"f":{"0":0,"1":0,"2":0},"b":{}}
,"/Users/gzus/Documents/projects/huntersS/a/atat-web-ui/src/components/StyledFields.vue": {"path":"/Users/gzus/Documents/projects/huntersS/a/atat-web-ui/src/components/StyledFields.vue","statementMap":{"0":{"start":{"line":42,"column":0},"end":{"line":42,"column":null}},"1":{"start":{"line":43,"column":0},"end":{"line":43,"column":null}},"2":{"start":{"line":46,"column":0},"end":{"line":46,"column":null}}},"fnMap":{},"branchMap":{},"s":{"0":0,"1":0,"2":0},"f":{},"b":{}}
,"/Users/gzus/Documents/projects/huntersS/a/atat-web-ui/src/components/USAGovBanner.vue": {"path":"/Users/gzus/Documents/projects/huntersS/a/atat-web-ui/src/components/USAGovBanner.vue","statementMap":{"0":{"start":{"line":135,"column":0},"end":{"line":135,"column":null}},"1":{"start":{"line":136,"column":0},"end":{"line":136,"column":null}},"2":{"start":{"line":139,"column":0},"end":{"line":139,"column":null}},"3":{"start":{"line":140,"column":0},"end":{"line":140,"column":null}},"4":{"start":{"line":144,"column":0},"end":{"line":144,"column":null}},"5":{"start":{"line":145,"column":0},"end":{"line":145,"column":null}},"6":{"start":{"line":143,"column":0},"end":{"line":143,"column":null}}},"fnMap":{"0":{"name":"(anonymous_1)","decl":{"start":{"line":139,"column":0},"end":{"line":139,"column":null}},"loc":{"start":{"line":139,"column":0},"end":{"line":147,"column":null}}},"1":{"name":"(anonymous_2)","decl":{"start":{"line":143,"column":0},"end":{"line":143,"column":null}},"loc":{"start":{"line":143,"column":0},"end":{"line":146,"column":null}}}},"branchMap":{},"s":{"0":0,"1":0,"2":0,"3":0,"4":0,"5":0,"6":0},"f":{"0":0,"1":0},"b":{}}
,"/Users/gzus/Documents/projects/huntersS/a/atat-web-ui/src/views/Dashboard.vue": {"path":"/Users/gzus/Documents/projects/huntersS/a/atat-web-ui/src/views/Dashboard.vue","statementMap":{"0":{"start":{"line":112,"column":0},"end":{"line":112,"column":null}},"1":{"start":{"line":113,"column":0},"end":{"line":113,"column":null}}},"fnMap":{},"branchMap":{},"s":{"0":0,"1":0},"f":{},"b":{}}
,"/Users/gzus/Documents/projects/huntersS/a/atat-web-ui/src/views/Home.vue": {"path":"/Users/gzus/Documents/projects/huntersS/a/atat-web-ui/src/views/Home.vue","statementMap":{"0":{"start":{"line":55,"column":0},"end":{"line":55,"column":null}},"1":{"start":{"line":56,"column":0},"end":{"line":56,"column":null}},"2":{"start":{"line":58,"column":0},"end":{"line":58,"column":null}},"3":{"start":{"line":60,"column":0},"end":{"line":60,"column":null}},"4":{"start":{"line":61,"column":0},"end":{"line":61,"column":null}}},"fnMap":{"0":{"name":"(anonymous_1)","decl":{"start":{"line":59,"column":0},"end":{"line":59,"column":null}},"loc":{"start":{"line":59,"column":0},"end":{"line":62,"column":null}}}},"branchMap":{},"s":{"0":0,"1":0,"2":0,"3":0,"4":0},"f":{"0":0},"b":{}}
,"/Users/gzus/Documents/projects/huntersS/a/atat-web-ui/src/views/sample/Style.vue": {"path":"/Users/gzus/Documents/projects/huntersS/a/atat-web-ui/src/views/sample/Style.vue","statementMap":{"0":{"start":{"line":8,"column":0},"end":{"line":8,"column":null}},"1":{"start":{"line":9,"column":0},"end":{"line":9,"column":null}},"2":{"start":{"line":11,"column":0},"end":{"line":11,"column":null}}},"fnMap":{},"branchMap":{},"s":{"0":0,"1":0,"2":0},"f":{},"b":{}}
,"/Users/gzus/Documents/projects/huntersS/a/atat-web-ui/src/wizard/wizard.vue": {"path":"/Users/gzus/Documents/projects/huntersS/a/atat-web-ui/src/wizard/wizard.vue","statementMap":{"0":{"start":{"line":18,"column":0},"end":{"line":18,"column":null}},"1":{"start":{"line":19,"column":0},"end":{"line":19,"column":null}},"2":{"start":{"line":20,"column":0},"end":{"line":20,"column":null}},"3":{"start":{"line":21,"column":0},"end":{"line":21,"column":null}},"4":{"start":{"line":22,"column":0},"end":{"line":22,"column":null}},"5":{"start":{"line":23,"column":0},"end":{"line":23,"column":null}},"6":{"start":{"line":24,"column":0},"end":{"line":24,"column":null}},"7":{"start":{"line":25,"column":0},"end":{"line":25,"column":null}},"8":{"start":{"line":26,"column":0},"end":{"line":26,"column":null}},"9":{"start":{"line":39,"column":0},"end":{"line":39,"column":null}},"10":{"start":{"line":40,"column":0},"end":{"line":40,"column":null}},"11":{"start":{"line":49,"column":0},"end":{"line":88,"column":null}},"12":{"start":{"line":50,"column":0},"end":{"line":50,"column":null}},"13":{"start":{"line":52,"column":0},"end":{"line":52,"column":null}},"14":{"start":{"line":54,"column":0},"end":{"line":64,"column":null}},"15":{"start":{"line":55,"column":0},"end":{"line":55,"column":null}},"16":{"start":{"line":58,"column":0},"end":{"line":61,"column":null}},"17":{"start":{"line":59,"column":0},"end":{"line":59,"column":null}},"18":{"start":{"line":60,"column":0},"end":{"line":60,"column":null}},"19":{"start":{"line":63,"column":0},"end":{"line":63,"column":null}},"20":{"start":{"line":65,"column":0},"end":{"line":65,"column":null}},"21":{"start":{"line":67,"column":0},"end":{"line":67,"column":null}},"22":{"start":{"line":68,"column":0},"end":{"line":68,"column":null}},"23":{"start":{"line":70,"column":0},"end":{"line":70,"column":null}},"24":{"start":{"line":71,"column":0},"end":{"line":71,"column":null}},"25":{"start":{"line":73,"column":0},"end":{"line":73,"column":null}},"26":{"start":{"line":76,"column":0},"end":{"line":79,"column":null}},"27":{"start":{"line":77,"column":0},"end":{"line":77,"column":null}},"28":{"start":{"line":78,"column":0},"end":{"line":78,"column":null}},"29":{"start":{"line":81,"column":0},"end":{"line":81,"column":null}},"30":{"start":{"line":86,"column":0},"end":{"line":86,"column":null}},"31":{"start":{"line":92,"column":0},"end":{"line":92,"column":null}},"32":{"start":{"line":39,"column":0},"end":{"line":28,"column":null}}},"fnMap":{"0":{"name":"(anonymous_1)","decl":{"start":{"line":39,"column":0},"end":{"line":39,"column":null}},"loc":{"start":{"line":39,"column":0},"end":{"line":94,"column":null}}},"1":{"name":"(anonymous_2)","decl":{"start":{"line":48,"column":0},"end":{"line":48,"column":null}},"loc":{"start":{"line":48,"column":0},"end":{"line":89,"column":null}}},"2":{"name":"(anonymous_3)","decl":{"start":{"line":49,"column":0},"end":{"line":49,"column":null}},"loc":{"start":{"line":49,"column":0},"end":{"line":88,"column":null}}},"3":{"name":"(anonymous_4)","decl":{"start":{"line":91,"column":0},"end":{"line":91,"column":null}},"loc":{"start":{"line":91,"column":0},"end":{"line":93,"column":null}}}},"branchMap":{"0":{"loc":{"start":{"line":53,"column":0},"end":{"line":65,"column":null}},"type":"switch","locations":[{"start":{"line":53,"column":0},"end":{"line":65,"column":null}},{"start":{"line":66,"column":0},"end":{"line":68,"column":null}},{"start":{"line":69,"column":0},"end":{"line":71,"column":null}},{"start":{"line":72,"column":0},"end":{"line":81,"column":null}},{"start":{"line":85,"column":0},"end":{"line":86,"column":null}}]},"1":{"loc":{"start":{"line":54,"column":0},"end":{"line":64,"column":null}},"type":"if","locations":[{"start":{"line":54,"column":0},"end":{"line":64,"column":null}},{"start":{"line":54,"column":0},"end":{"line":64,"column":null}}]},"2":{"loc":{"start":{"line":58,"column":0},"end":{"line":61,"column":null}},"type":"if","locations":[{"start":{"line":58,"column":0},"end":{"line":61,"column":null}},{"start":{"line":58,"column":0},"end":{"line":61,"column":null}}]},"3":{"loc":{"start":{"line":60,"column":0},"end":{"line":60,"column":null}},"type":"cond-expr","locations":[{"start":{"line":60,"column":0},"end":{"line":60,"column":null}},{"start":{"line":60,"column":0},"end":{"line":60,"column":null}}]},"4":{"loc":{"start":{"line":63,"column":0},"end":{"line":63,"column":null}},"type":"cond-expr","locations":[{"start":{"line":63,"column":0},"end":{"line":63,"column":null}},{"start":{"line":63,"column":0},"end":{"line":63,"column":null}}]},"5":{"loc":{"start":{"line":67,"column":0},"end":{"line":67,"column":null}},"type":"cond-expr","locations":[{"start":{"line":67,"column":0},"end":{"line":67,"column":null}},{"start":{"line":67,"column":0},"end":{"line":67,"column":null}}]},"6":{"loc":{"start":{"line":76,"column":0},"end":{"line":79,"column":null}},"type":"if","locations":[{"start":{"line":76,"column":0},"end":{"line":79,"column":null}},{"start":{"line":76,"column":0},"end":{"line":79,"column":null}}]}},"s":{"0":0,"1":0,"2":0,"3":0,"4":0,"5":0,"6":0,"7":0,"8":0,"9":0,"10":0,"11":0,"12":0,"13":0,"14":0,"15":0,"16":0,"17":0,"18":0,"19":0,"20":0,"21":0,"22":0,"23":0,"24":0,"25":0,"26":0,"27":0,"28":0,"29":0,"30":0,"31":0,"32":0},"f":{"0":0,"1":0,"2":0,"3":0},"b":{"0":[0,0,0,0,0],"1":[0,0],"2":[0,0],"3":[0,0],"4":[0,0],"5":[0,0],"6":[0,0]}}
,"/Users/gzus/Documents/projects/huntersS/a/atat-web-ui/src/wizard/Navigation/ButtonNavigation.vue": {"path":"/Users/gzus/Documents/projects/huntersS/a/atat-web-ui/src/wizard/Navigation/ButtonNavigation.vue","statementMap":{"0":{"start":{"line":27,"column":0},"end":{"line":27,"column":null}},"1":{"start":{"line":28,"column":0},"end":{"line":28,"column":null}},"2":{"start":{"line":32,"column":0},"end":{"line":32,"column":null}},"3":{"start":{"line":34,"column":0},"end":{"line":34,"column":null}},"4":{"start":{"line":40,"column":0},"end":{"line":40,"column":null}},"5":{"start":{"line":37,"column":0},"end":{"line":37,"column":null}},"6":{"start":{"line":160,"column":0},"end":{"line":163,"column":null}},"7":{"start":{"line":162,"column":0},"end":{"line":162,"column":null}},"8":{"start":{"line":33,"column":0},"end":{"line":33,"column":null}},"9":{"start":{"line":36,"column":0},"end":{"line":36,"column":null}}},"fnMap":{"0":{"name":"(anonymous_1)","decl":{"start":{"line":32,"column":0},"end":{"line":32,"column":null}},"loc":{"start":{"line":32,"column":0},"end":{"line":166,"column":null}}},"1":{"name":"(anonymous_2)","decl":{"start":{"line":36,"column":0},"end":{"line":36,"column":null}},"loc":{"start":{"line":36,"column":0},"end":{"line":38,"column":null}}},"2":{"name":"(anonymous_3)","decl":{"start":{"line":159,"column":0},"end":{"line":159,"column":null}},"loc":{"start":{"line":159,"column":0},"end":{"line":165,"column":null}}},"3":{"name":"(anonymous_4)","decl":{"start":{"line":160,"column":0},"end":{"line":160,"column":null}},"loc":{"start":{"line":160,"column":0},"end":{"line":163,"column":null}}}},"branchMap":{"0":{"loc":{"start":{"line":160,"column":0},"end":{"line":163,"column":null}},"type":"binary-expr","locations":[{"start":{"line":160,"column":0},"end":{"line":163,"column":null}},{"start":{"line":163,"column":0},"end":{"line":163,"column":null}}]}},"s":{"0":1,"1":1,"2":2,"3":3,"4":3,"5":0,"6":5,"7":10,"8":1,"9":1},"f":{"0":3,"1":0,"2":5,"3":10},"b":{"0":[5,1]}}
,"/Users/gzus/Documents/projects/huntersS/a/atat-web-ui/src/wizard/Navigation/StepperNavigation.vue": {"path":"/Users/gzus/Documents/projects/huntersS/a/atat-web-ui/src/wizard/Navigation/StepperNavigation.vue","statementMap":{"0":{"start":{"line":58,"column":0},"end":{"line":58,"column":null}},"1":{"start":{"line":59,"column":0},"end":{"line":59,"column":null}},"2":{"start":{"line":63,"column":0},"end":{"line":63,"column":null}},"3":{"start":{"line":65,"column":0},"end":{"line":65,"column":null}},"4":{"start":{"line":66,"column":0},"end":{"line":66,"column":null}},"5":{"start":{"line":93,"column":0},"end":{"line":93,"column":null}},"6":{"start":{"line":97,"column":0},"end":{"line":97,"column":null}},"7":{"start":{"line":101,"column":0},"end":{"line":101,"column":null}},"8":{"start":{"line":105,"column":0},"end":{"line":105,"column":null}},"9":{"start":{"line":109,"column":0},"end":{"line":109,"column":null}},"10":{"start":{"line":64,"column":0},"end":{"line":64,"column":null}},"11":{"start":{"line":92,"column":0},"end":{"line":92,"column":null}}},"fnMap":{"0":{"name":"(anonymous_1)","decl":{"start":{"line":63,"column":0},"end":{"line":63,"column":null}},"loc":{"start":{"line":63,"column":0},"end":{"line":111,"column":null}}},"1":{"name":"(anonymous_2)","decl":{"start":{"line":92,"column":0},"end":{"line":92,"column":null}},"loc":{"start":{"line":92,"column":0},"end":{"line":94,"column":null}}},"2":{"name":"(anonymous_3)","decl":{"start":{"line":96,"column":0},"end":{"line":96,"column":null}},"loc":{"start":{"line":96,"column":0},"end":{"line":98,"column":null}}},"3":{"name":"(anonymous_4)","decl":{"start":{"line":100,"column":0},"end":{"line":100,"column":null}},"loc":{"start":{"line":100,"column":0},"end":{"line":102,"column":null}}},"4":{"name":"(anonymous_5)","decl":{"start":{"line":104,"column":0},"end":{"line":104,"column":null}},"loc":{"start":{"line":104,"column":0},"end":{"line":106,"column":null}}},"5":{"name":"(anonymous_6)","decl":{"start":{"line":108,"column":0},"end":{"line":108,"column":null}},"loc":{"start":{"line":108,"column":0},"end":{"line":110,"column":null}}}},"branchMap":{},"s":{"0":0,"1":0,"2":0,"3":0,"4":0,"5":0,"6":0,"7":0,"8":0,"9":0,"10":0,"11":0},"f":{"0":0,"1":0,"2":0,"3":0,"4":0,"5":0},"b":{}}
,"/Users/gzus/Documents/projects/huntersS/a/atat-web-ui/src/wizard/Step0/components/CreatePortfolio/CreatePortfolio.vue": {"path":"/Users/gzus/Documents/projects/huntersS/a/atat-web-ui/src/wizard/Step0/components/CreatePortfolio/CreatePortfolio.vue","statementMap":{"0":{"start":{"line":63,"column":0},"end":{"line":63,"column":null}},"1":{"start":{"line":64,"column":0},"end":{"line":64,"column":null}},"2":{"start":{"line":67,"column":0},"end":{"line":67,"column":null}}},"fnMap":{},"branchMap":{},"s":{"0":0,"1":0,"2":0},"f":{},"b":{}}
,"/Users/gzus/Documents/projects/huntersS/a/atat-web-ui/src/wizard/Step0/components/ViewPortfolio/ViewPortfolio.vue": {"path":"/Users/gzus/Documents/projects/huntersS/a/atat-web-ui/src/wizard/Step0/components/ViewPortfolio/ViewPortfolio.vue","statementMap":{"0":{"start":{"line":103,"column":0},"end":{"line":103,"column":null}},"1":{"start":{"line":104,"column":0},"end":{"line":104,"column":null}},"2":{"start":{"line":107,"column":0},"end":{"line":107,"column":null}},"3":{"start":{"line":109,"column":0},"end":{"line":109,"column":null}}},"fnMap":{"0":{"name":"(anonymous_1)","decl":{"start":{"line":108,"column":0},"end":{"line":108,"column":null}},"loc":{"start":{"line":108,"column":0},"end":{"line":110,"column":null}}}},"branchMap":{},"s":{"0":0,"1":0,"2":0,"3":0},"f":{"0":0},"b":{}}
,"/Users/gzus/Documents/projects/huntersS/a/atat-web-ui/src/wizard/Step1/components/CreatePorfolioForm.vue": {"path":"/Users/gzus/Documents/projects/huntersS/a/atat-web-ui/src/wizard/Step1/components/CreatePorfolioForm.vue","statementMap":{"0":{"start":{"line":72,"column":0},"end":{"line":72,"column":null}},"1":{"start":{"line":73,"column":0},"end":{"line":73,"column":null}},"2":{"start":{"line":76,"column":0},"end":{"line":76,"column":null}},"3":{"start":{"line":77,"column":0},"end":{"line":77,"column":null}},"4":{"start":{"line":78,"column":0},"end":{"line":78,"column":null}},"5":{"start":{"line":92,"column":0},"end":{"line":92,"column":null}},"6":{"start":{"line":93,"column":0},"end":{"line":93,"column":null}},"7":{"start":{"line":100,"column":0},"end":{"line":100,"column":null}},"8":{"start":{"line":104,"column":0},"end":{"line":104,"column":null}},"9":{"start":{"line":105,"column":0},"end":{"line":105,"column":null}},"10":{"start":{"line":106,"column":0},"end":{"line":106,"column":null}},"11":{"start":{"line":112,"column":0},"end":{"line":114,"column":null}},"12":{"start":{"line":113,"column":0},"end":{"line":113,"column":null}},"13":{"start":{"line":116,"column":0},"end":{"line":116,"column":null}}},"fnMap":{"0":{"name":"(anonymous_1)","decl":{"start":{"line":76,"column":0},"end":{"line":76,"column":null}},"loc":{"start":{"line":76,"column":0},"end":{"line":118,"column":null}}},"1":{"name":"(anonymous_2)","decl":{"start":{"line":99,"column":0},"end":{"line":99,"column":null}},"loc":{"start":{"line":99,"column":0},"end":{"line":101,"column":null}}},"2":{"name":"(anonymous_3)","decl":{"start":{"line":103,"column":0},"end":{"line":103,"column":null}},"loc":{"start":{"line":103,"column":0},"end":{"line":117,"column":null}}},"3":{"name":"(anonymous_4)","decl":{"start":{"line":106,"column":0},"end":{"line":106,"column":null}},"loc":{"start":{"line":106,"column":0},"end":{"line":106,"column":null}}},"4":{"name":"(anonymous_5)","decl":{"start":{"line":112,"column":0},"end":{"line":112,"column":null}},"loc":{"start":{"line":112,"column":0},"end":{"line":114,"column":null}}}},"branchMap":{"0":{"loc":{"start":{"line":106,"column":0},"end":{"line":106,"column":null}},"type":"binary-expr","locations":[{"start":{"line":106,"column":0},"end":{"line":106,"column":null}},{"start":{"line":106,"column":0},"end":{"line":106,"column":null}}]},"1":{"loc":{"start":{"line":107,"column":0},"end":{"line":107,"column":null}},"type":"binary-expr","locations":[{"start":{"line":107,"column":0},"end":{"line":107,"column":null}},{"start":{"line":107,"column":0},"end":{"line":107,"column":null}}]}},"s":{"0":0,"1":0,"2":0,"3":0,"4":0,"5":0,"6":0,"7":0,"8":0,"9":0,"10":0,"11":0,"12":0,"13":0},"f":{"0":0,"1":0,"2":0,"3":0,"4":0},"b":{"0":[0,0],"1":[0,0]}}
,"/Users/gzus/Documents/projects/huntersS/a/atat-web-ui/src/wizard/Step1/components/InvitePortfolioManagersTable.vue": {"path":"/Users/gzus/Documents/projects/huntersS/a/atat-web-ui/src/wizard/Step1/components/InvitePortfolioManagersTable.vue","statementMap":{"0":{"start":{"line":32,"column":0},"end":{"line":32,"column":null}},"1":{"start":{"line":33,"column":0},"end":{"line":33,"column":null}},"2":{"start":{"line":34,"column":0},"end":{"line":34,"column":null}},"3":{"start":{"line":35,"column":0},"end":{"line":35,"column":null}},"4":{"start":{"line":44,"column":0},"end":{"line":44,"column":null}},"5":{"start":{"line":45,"column":0},"end":{"line":45,"column":null}},"6":{"start":{"line":47,"column":0},"end":{"line":47,"column":null}},"7":{"start":{"line":50,"column":0},"end":{"line":58,"column":null}},"8":{"start":{"line":51,"column":0},"end":{"line":51,"column":null}},"9":{"start":{"line":52,"column":0},"end":{"line":58,"column":null}},"10":{"start":{"line":53,"column":0},"end":{"line":53,"column":null}},"11":{"start":{"line":54,"column":0},"end":{"line":58,"column":null}},"12":{"start":{"line":56,"column":0},"end":{"line":56,"column":null}},"13":{"start":{"line":57,"column":0},"end":{"line":57,"column":null}},"14":{"start":{"line":44,"column":0},"end":{"line":38,"column":null}}},"fnMap":{"0":{"name":"(anonymous_1)","decl":{"start":{"line":44,"column":0},"end":{"line":44,"column":null}},"loc":{"start":{"line":44,"column":0},"end":{"line":60,"column":null}}},"1":{"name":"(anonymous_2)","decl":{"start":{"line":46,"column":0},"end":{"line":46,"column":null}},"loc":{"start":{"line":46,"column":0},"end":{"line":48,"column":null}}},"2":{"name":"(anonymous_3)","decl":{"start":{"line":49,"column":0},"end":{"line":49,"column":null}},"loc":{"start":{"line":49,"column":0},"end":{"line":59,"column":null}}}},"branchMap":{"0":{"loc":{"start":{"line":50,"column":0},"end":{"line":58,"column":null}},"type":"if","locations":[{"start":{"line":50,"column":0},"end":{"line":58,"column":null}},{"start":{"line":50,"column":0},"end":{"line":58,"column":null}}]},"1":{"loc":{"start":{"line":52,"column":0},"end":{"line":58,"column":null}},"type":"if","locations":[{"start":{"line":52,"column":0},"end":{"line":58,"column":null}},{"start":{"line":52,"column":0},"end":{"line":58,"column":null}}]},"2":{"loc":{"start":{"line":54,"column":0},"end":{"line":58,"column":null}},"type":"if","locations":[{"start":{"line":54,"column":0},"end":{"line":58,"column":null}},{"start":{"line":54,"column":0},"end":{"line":58,"column":null}}]}},"s":{"0":0,"1":0,"2":0,"3":0,"4":0,"5":0,"6":0,"7":0,"8":0,"9":0,"10":0,"11":0,"12":0,"13":0,"14":0},"f":{"0":0,"1":0,"2":0},"b":{"0":[0,0],"1":[0,0],"2":[0,0]}}
,"/Users/gzus/Documents/projects/huntersS/a/atat-web-ui/src/wizard/Step1/components/PermissionsModal.vue": {"path":"/Users/gzus/Documents/projects/huntersS/a/atat-web-ui/src/wizard/Step1/components/PermissionsModal.vue","statementMap":{"0":{"start":{"line":123,"column":0},"end":{"line":123,"column":null}},"1":{"start":{"line":124,"column":0},"end":{"line":124,"column":null}},"2":{"start":{"line":125,"column":0},"end":{"line":125,"column":null}},"3":{"start":{"line":132,"column":0},"end":{"line":132,"column":null}},"4":{"start":{"line":137,"column":0},"end":{"line":137,"column":null}},"5":{"start":{"line":141,"column":0},"end":{"line":141,"column":null}},"6":{"start":{"line":142,"column":0},"end":{"line":142,"column":null}},"7":{"start":{"line":184,"column":0},"end":{"line":184,"column":null}},"8":{"start":{"line":145,"column":0},"end":{"line":145,"column":null}},"9":{"start":{"line":149,"column":0},"end":{"line":149,"column":null}},"10":{"start":{"line":153,"column":0},"end":{"line":153,"column":null}},"11":{"start":{"line":154,"column":0},"end":{"line":154,"column":null}},"12":{"start":{"line":155,"column":0},"end":{"line":165,"column":null}},"13":{"start":{"line":156,"column":0},"end":{"line":163,"column":null}},"14":{"start":{"line":157,"column":0},"end":{"line":160,"column":null}},"15":{"start":{"line":159,"column":0},"end":{"line":159,"column":null}},"16":{"start":{"line":164,"column":0},"end":{"line":164,"column":null}},"17":{"start":{"line":166,"column":0},"end":{"line":166,"column":null}},"18":{"start":{"line":170,"column":0},"end":{"line":170,"column":null}},"19":{"start":{"line":173,"column":0},"end":{"line":173,"column":null}},"20":{"start":{"line":177,"column":0},"end":{"line":177,"column":null}},"21":{"start":{"line":180,"column":0},"end":{"line":180,"column":null}},"22":{"start":{"line":181,"column":0},"end":{"line":181,"column":null}},"23":{"start":{"line":189,"column":0},"end":{"line":189,"column":null}},"24":{"start":{"line":199,"column":0},"end":{"line":199,"column":null}},"25":{"start":{"line":200,"column":0},"end":{"line":200,"column":null}},"26":{"start":{"line":204,"column":0},"end":{"line":204,"column":null}},"27":{"start":{"line":207,"column":0},"end":{"line":207,"column":null}},"28":{"start":{"line":211,"column":0},"end":{"line":211,"column":null}},"29":{"start":{"line":138,"column":0},"end":{"line":138,"column":null}},"30":{"start":{"line":139,"column":0},"end":{"line":139,"column":null}},"31":{"start":{"line":137,"column":0},"end":{"line":134,"column":null}}},"fnMap":{"0":{"name":"(anonymous_1)","decl":{"start":{"line":137,"column":0},"end":{"line":137,"column":null}},"loc":{"start":{"line":137,"column":0},"end":{"line":213,"column":null}}},"1":{"name":"(anonymous_2)","decl":{"start":{"line":184,"column":0},"end":{"line":184,"column":null}},"loc":{"start":{"line":184,"column":0},"end":{"line":184,"column":null}}},"2":{"name":"(anonymous_3)","decl":{"start":{"line":144,"column":0},"end":{"line":144,"column":null}},"loc":{"start":{"line":144,"column":0},"end":{"line":146,"column":null}}},"3":{"name":"(anonymous_4)","decl":{"start":{"line":148,"column":0},"end":{"line":148,"column":null}},"loc":{"start":{"line":148,"column":0},"end":{"line":150,"column":null}}},"4":{"name":"(anonymous_5)","decl":{"start":{"line":152,"column":0},"end":{"line":152,"column":null}},"loc":{"start":{"line":152,"column":0},"end":{"line":167,"column":null}}},"5":{"name":"(anonymous_6)","decl":{"start":{"line":157,"column":0},"end":{"line":157,"column":null}},"loc":{"start":{"line":157,"column":0},"end":{"line":160,"column":null}}},"6":{"name":"(anonymous_7)","decl":{"start":{"line":169,"column":0},"end":{"line":169,"column":null}},"loc":{"start":{"line":169,"column":0},"end":{"line":182,"column":null}}},"7":{"name":"(anonymous_8)","decl":{"start":{"line":172,"column":0},"end":{"line":172,"column":null}},"loc":{"start":{"line":172,"column":0},"end":{"line":178,"column":null}}},"8":{"name":"(anonymous_9)","decl":{"start":{"line":188,"column":0},"end":{"line":188,"column":null}},"loc":{"start":{"line":188,"column":0},"end":{"line":201,"column":null}}},"9":{"name":"(anonymous_10)","decl":{"start":{"line":203,"column":0},"end":{"line":203,"column":null}},"loc":{"start":{"line":203,"column":0},"end":{"line":205,"column":null}}},"10":{"name":"(anonymous_11)","decl":{"start":{"line":206,"column":0},"end":{"line":206,"column":null}},"loc":{"start":{"line":206,"column":0},"end":{"line":208,"column":null}}},"11":{"name":"(anonymous_12)","decl":{"start":{"line":210,"column":0},"end":{"line":210,"column":null}},"loc":{"start":{"line":210,"column":0},"end":{"line":212,"column":null}}}},"branchMap":{"0":{"loc":{"start":{"line":184,"column":0},"end":{"line":184,"column":null}},"type":"binary-expr","locations":[{"start":{"line":184,"column":0},"end":{"line":184,"column":null}},{"start":{"line":184,"column":0},"end":{"line":184,"column":null}}]},"1":{"loc":{"start":{"line":155,"column":0},"end":{"line":165,"column":null}},"type":"if","locations":[{"start":{"line":155,"column":0},"end":{"line":165,"column":null}},{"start":{"line":155,"column":0},"end":{"line":165,"column":null}}]},"2":{"loc":{"start":{"line":155,"column":0},"end":{"line":155,"column":null}},"type":"binary-expr","locations":[{"start":{"line":155,"column":0},"end":{"line":155,"column":null}},{"start":{"line":155,"column":0},"end":{"line":155,"column":null}}]},"3":{"loc":{"start":{"line":156,"column":0},"end":{"line":163,"column":null}},"type":"if","locations":[{"start":{"line":156,"column":0},"end":{"line":163,"column":null}},{"start":{"line":156,"column":0},"end":{"line":163,"column":null}}]},"4":{"loc":{"start":{"line":159,"column":0},"end":{"line":159,"column":null}},"type":"binary-expr","locations":[{"start":{"line":159,"column":0},"end":{"line":159,"column":null}},{"start":{"line":159,"column":0},"end":{"line":159,"column":null}}]}},"s":{"0":0,"1":0,"2":0,"3":0,"4":0,"5":0,"6":0,"7":0,"8":0,"9":0,"10":0,"11":0,"12":0,"13":0,"14":0,"15":0,"16":0,"17":0,"18":0,"19":0,"20":0,"21":0,"22":0,"23":0,"24":0,"25":0,"26":0,"27":0,"28":0,"29":0,"30":0,"31":0},"f":{"0":0,"1":0,"2":0,"3":0,"4":0,"5":0,"6":0,"7":0,"8":0,"9":0,"10":0,"11":0},"b":{"0":[0,0],"1":[0,0],"2":[0,0],"3":[0,0],"4":[0,0]}}
,"/Users/gzus/Documents/projects/huntersS/a/atat-web-ui/src/wizard/Step1/components/PortfolioPermissionsMenu.vue": {"path":"/Users/gzus/Documents/projects/huntersS/a/atat-web-ui/src/wizard/Step1/components/PortfolioPermissionsMenu.vue","statementMap":{"0":{"start":{"line":25,"column":0},"end":{"line":25,"column":null}},"1":{"start":{"line":26,"column":0},"end":{"line":26,"column":null}},"2":{"start":{"line":27,"column":0},"end":{"line":27,"column":null}},"3":{"start":{"line":28,"column":0},"end":{"line":28,"column":null}},"4":{"start":{"line":29,"column":0},"end":{"line":29,"column":null}},"5":{"start":{"line":38,"column":0},"end":{"line":38,"column":null}},"6":{"start":{"line":38,"column":0},"end":{"line":31,"column":null}}},"fnMap":{},"branchMap":{},"s":{"0":0,"1":0,"2":0,"3":0,"4":0,"5":0,"6":0},"f":{},"b":{}}
,"/Users/gzus/Documents/projects/huntersS/a/atat-web-ui/src/wizard/Step1/components/ResendInvitationToast.vue": {"path":"/Users/gzus/Documents/projects/huntersS/a/atat-web-ui/src/wizard/Step1/components/ResendInvitationToast.vue","statementMap":{"0":{"start":{"line":6,"column":0},"end":{"line":6,"column":null}},"1":{"start":{"line":7,"column":0},"end":{"line":7,"column":null}},"2":{"start":{"line":10,"column":0},"end":{"line":10,"column":null}}},"fnMap":{},"branchMap":{},"s":{"0":0,"1":0,"2":0},"f":{},"b":{}}
,"/Users/gzus/Documents/projects/huntersS/a/atat-web-ui/src/wizard/Step1/components/RevokeInvitationModal.vue": {"path":"/Users/gzus/Documents/projects/huntersS/a/atat-web-ui/src/wizard/Step1/components/RevokeInvitationModal.vue","statementMap":{"0":{"start":{"line":6,"column":0},"end":{"line":6,"column":null}},"1":{"start":{"line":7,"column":0},"end":{"line":7,"column":null}},"2":{"start":{"line":10,"column":0},"end":{"line":10,"column":null}}},"fnMap":{},"branchMap":{},"s":{"0":0,"1":0,"2":0},"f":{},"b":{}}
,"/Users/gzus/Documents/projects/huntersS/a/atat-web-ui/src/wizard/Step1/views/InvitePortfolioManager.vue": {"path":"/Users/gzus/Documents/projects/huntersS/a/atat-web-ui/src/wizard/Step1/views/InvitePortfolioManager.vue","statementMap":{"0":{"start":{"line":8,"column":0},"end":{"line":8,"column":null}},"1":{"start":{"line":9,"column":0},"end":{"line":9,"column":null}},"2":{"start":{"line":10,"column":0},"end":{"line":10,"column":null}},"3":{"start":{"line":17,"column":0},"end":{"line":17,"column":null}},"4":{"start":{"line":17,"column":0},"end":{"line":12,"column":null}}},"fnMap":{},"branchMap":{},"s":{"0":0,"1":0,"2":0,"3":0,"4":0},"f":{},"b":{}}
,"/Users/gzus/Documents/projects/huntersS/a/atat-web-ui/src/wizard/Step1/views/Step1.vue": {"path":"/Users/gzus/Documents/projects/huntersS/a/atat-web-ui/src/wizard/Step1/views/Step1.vue","statementMap":{"0":{"start":{"line":6,"column":0},"end":{"line":6,"column":null}},"1":{"start":{"line":7,"column":0},"end":{"line":7,"column":null}},"2":{"start":{"line":8,"column":0},"end":{"line":8,"column":null}},"3":{"start":{"line":15,"column":0},"end":{"line":15,"column":null}},"4":{"start":{"line":15,"column":0},"end":{"line":10,"column":null}}},"fnMap":{},"branchMap":{},"s":{"0":0,"1":0,"2":0,"3":0,"4":0},"f":{},"b":{}}
,"/Users/gzus/Documents/projects/huntersS/a/atat-web-ui/src/wizard/Step2/views/Step2.vue": {"path":"/Users/gzus/Documents/projects/huntersS/a/atat-web-ui/src/wizard/Step2/views/Step2.vue","statementMap":{"0":{"start":{"line":6,"column":0},"end":{"line":6,"column":null}},"1":{"start":{"line":7,"column":0},"end":{"line":7,"column":null}},"2":{"start":{"line":10,"column":0},"end":{"line":10,"column":null}}},"fnMap":{},"branchMap":{},"s":{"0":0,"1":0,"2":0},"f":{},"b":{}}
,"/Users/gzus/Documents/projects/huntersS/a/atat-web-ui/src/wizard/Step3/views/Step3.vue": {"path":"/Users/gzus/Documents/projects/huntersS/a/atat-web-ui/src/wizard/Step3/views/Step3.vue","statementMap":{"0":{"start":{"line":6,"column":0},"end":{"line":6,"column":null}},"1":{"start":{"line":7,"column":0},"end":{"line":7,"column":null}},"2":{"start":{"line":10,"column":0},"end":{"line":10,"column":null}}},"fnMap":{},"branchMap":{},"s":{"0":0,"1":0,"2":0},"f":{},"b":{}}
,"/Users/gzus/Documents/projects/huntersS/a/atat-web-ui/src/wizard/Step4/views/Step4.vue": {"path":"/Users/gzus/Documents/projects/huntersS/a/atat-web-ui/src/wizard/Step4/views/Step4.vue","statementMap":{"0":{"start":{"line":6,"column":0},"end":{"line":6,"column":null}},"1":{"start":{"line":7,"column":0},"end":{"line":7,"column":null}},"2":{"start":{"line":10,"column":0},"end":{"line":10,"column":null}}},"fnMap":{},"branchMap":{},"s":{"0":0,"1":0,"2":0},"f":{},"b":{}}
,"/Users/gzus/Documents/projects/huntersS/a/atat-web-ui/src/wizard/Step5/views/Step5.vue": {"path":"/Users/gzus/Documents/projects/huntersS/a/atat-web-ui/src/wizard/Step5/views/Step5.vue","statementMap":{"0":{"start":{"line":6,"column":0},"end":{"line":6,"column":null}},"1":{"start":{"line":7,"column":0},"end":{"line":7,"column":null}},"2":{"start":{"line":10,"column":0},"end":{"line":10,"column":null}}},"fnMap":{},"branchMap":{},"s":{"0":0,"1":0,"2":0},"f":{},"b":{}}
}
