TN:
SF:/Users/gzus/Documents/projects/huntersS/a/atat-web-ui/src/App.vue
FN:35,(anonymous_1)
FNF:1
FNH:0
FNDA:0,(anonymous_1)
DA:20,0
DA:21,0
DA:22,0
DA:23,0
DA:24,0
DA:34,0
DA:36,0
LF:7
LH:0
BRF:0
BRH:0
end_of_record
TN:
SF:/Users/gzus/Documents/projects/huntersS/a/atat-web-ui/src/components/ATATFooter.vue
FN:17,(anonymous_1)
FNF:1
FNH:0
FNDA:0,(anonymous_1)
DA:12,0
DA:13,0
DA:14,0
DA:16,0
DA:18,0
LF:5
LH:0
BRF:0
BRH:0
end_of_record
TN:
SF:/Users/gzus/Documents/projects/huntersS/a/atat-web-ui/src/components/ATATHeader.vue
FN:37,(anonymous_1)
FN:40,(anonymous_2)
FNF:2
FNH:0
FNDA:0,(anonymous_1)
FNDA:0,(anonymous_2)
DA:26,0
DA:27,0
DA:28,0
DA:29,0
DA:37,0
DA:38,0
DA:41,0
LF:7
LH:0
BRF:0
BRH:0
end_of_record
TN:
SF:/Users/gzus/Documents/projects/huntersS/a/atat-web-ui/src/components/ATATHeaderNav.vue
FN:33,(anonymous_1)
FN:37,(anonymous_2)
FN:44,(anonymous_3)
FN:48,(anonymous_4)
FN:53,(anonymous_5)
FNF:5
FNH:0
FNDA:0,(anonymous_1)
FNDA:0,(anonymous_2)
FNDA:0,(anonymous_3)
FNDA:0,(anonymous_4)
FNDA:0,(anonymous_5)
DA:26,0
DA:27,0
DA:31,0
DA:34,0
DA:38,0
DA:45,0
DA:49,0
DA:54,0
DA:55,0
DA:58,0
DA:59,0
LF:11
LH:0
BRDA:38,0,0,0
BRDA:38,0,1,0
BRDA:54,1,0,0
BRDA:54,1,1,0
BRDA:54,2,0,0
BRDA:54,2,1,0
BRDA:58,3,0,0
BRDA:58,3,1,0
BRF:8
BRH:0
end_of_record
TN:
SF:/Users/gzus/Documents/projects/huntersS/a/atat-web-ui/src/components/ATATSelect.vue
FN:50,(anonymous_1)
FN:52,(anonymous_2)
FNF:2
FNH:0
FNDA:0,(anonymous_1)
FNDA:0,(anonymous_2)
DA:46,0
DA:47,0
DA:50,0
DA:52,0
DA:54,0
DA:55,0
DA:58,0
LF:7
LH:0
BRF:0
BRH:0
end_of_record
TN:
SF:/Users/gzus/Documents/projects/huntersS/a/atat-web-ui/src/components/ATATSideBar.vue
FN:65,(anonymous_1)
FNF:1
FNH:0
FNDA:0,(anonymous_1)
DA:61,0
DA:63,0
DA:65,0
DA:66,0
DA:68,0
LF:5
LH:0
BRF:0
BRH:0
end_of_record
TN:
SF:/Users/gzus/Documents/projects/huntersS/a/atat-web-ui/src/components/ATATTextArea.vue
FN:39,(anonymous_1)
FN:55,(anonymous_2)
FNF:2
FNH:0
FNDA:0,(anonymous_1)
FNDA:0,(anonymous_2)
DA:35,0
DA:36,0
DA:39,0
DA:40,0
DA:42,0
DA:43,0
DA:44,0
DA:45,0
DA:46,0
DA:47,0
DA:48,0
DA:49,0
DA:52,0
DA:53,0
DA:56,0
DA:60,0
LF:16
LH:0
BRDA:56,0,0,0
BRDA:56,0,1,0
BRDA:60,1,0,0
BRDA:60,1,1,0
BRF:4
BRH:0
end_of_record
TN:
SF:/Users/gzus/Documents/projects/huntersS/a/atat-web-ui/src/components/ATATTextField.vue
FN:41,(anonymous_1)
FN:56,(anonymous_2)
FN:63,(anonymous_3)
FNF:3
FNH:0
FNDA:0,(anonymous_1)
FNDA:0,(anonymous_2)
FNDA:0,(anonymous_3)
DA:37,0
DA:38,0
DA:41,0
DA:42,0
DA:44,0
DA:45,0
DA:46,0
DA:47,0
DA:48,0
DA:49,0
DA:52,0
DA:53,0
DA:54,0
DA:57,0
DA:58,0
DA:59,0
DA:64,0
LF:17
LH:0
BRDA:58,0,0,0
BRDA:58,0,1,0
BRDA:59,1,0,0
BRDA:59,1,1,0
BRF:4
BRH:0
end_of_record
TN:
SF:/Users/gzus/Documents/projects/huntersS/a/atat-web-ui/src/components/SecurityBanner.vue
FN:32,(anonymous_1)
FN:52,(anonymous_2)
FN:55,(anonymous_3)
FNF:3
FNH:0
FNDA:0,(anonymous_1)
FNDA:0,(anonymous_2)
FNDA:0,(anonymous_3)
DA:21,0
DA:22,0
DA:32,0
DA:33,0
DA:48,0
DA:49,0
DA:53,0
DA:56,0
LF:8
LH:0
BRF:0
BRH:0
end_of_record
TN:
SF:/Users/gzus/Documents/projects/huntersS/a/atat-web-ui/src/components/StyledFields.vue
FNF:0
FNH:0
DA:42,0
DA:43,0
DA:46,0
LF:3
LH:0
BRF:0
BRH:0
end_of_record
TN:
SF:/Users/gzus/Documents/projects/huntersS/a/atat-web-ui/src/components/USAGovBanner.vue
FN:139,(anonymous_1)
FN:143,(anonymous_2)
FNF:2
FNH:0
FNDA:0,(anonymous_1)
FNDA:0,(anonymous_2)
DA:135,0
DA:136,0
DA:139,0
DA:140,0
DA:143,0
DA:144,0
DA:145,0
LF:7
LH:0
BRF:0
BRH:0
end_of_record
TN:
SF:/Users/gzus/Documents/projects/huntersS/a/atat-web-ui/src/views/Dashboard.vue
FNF:0
FNH:0
DA:112,0
DA:113,0
LF:2
LH:0
BRF:0
BRH:0
end_of_record
TN:
SF:/Users/gzus/Documents/projects/huntersS/a/atat-web-ui/src/views/Home.vue
FN:59,(anonymous_1)
FNF:1
FNH:0
FNDA:0,(anonymous_1)
DA:55,0
DA:56,0
DA:58,0
DA:60,0
DA:61,0
LF:5
LH:0
BRF:0
BRH:0
end_of_record
TN:
SF:/Users/gzus/Documents/projects/huntersS/a/atat-web-ui/src/views/sample/Style.vue
FNF:0
FNH:0
DA:8,0
DA:9,0
DA:11,0
LF:3
LH:0
BRF:0
BRH:0
end_of_record
TN:
SF:/Users/gzus/Documents/projects/huntersS/a/atat-web-ui/src/wizard/wizard.vue
FN:39,(anonymous_1)
FN:48,(anonymous_2)
FN:49,(anonymous_3)
FN:91,(anonymous_4)
FNF:4
FNH:0
FNDA:0,(anonymous_1)
FNDA:0,(anonymous_2)
FNDA:0,(anonymous_3)
FNDA:0,(anonymous_4)
DA:18,0
DA:19,0
DA:20,0
DA:21,0
DA:22,0
DA:23,0
DA:24,0
DA:25,0
DA:26,0
DA:39,0
DA:40,0
DA:49,0
DA:50,0
DA:52,0
DA:54,0
DA:55,0
DA:58,0
DA:59,0
DA:60,0
DA:63,0
DA:65,0
DA:67,0
DA:68,0
DA:70,0
DA:71,0
DA:73,0
DA:76,0
DA:77,0
DA:78,0
DA:81,0
DA:86,0
DA:92,0
LF:32
LH:0
BRDA:53,0,0,0
BRDA:53,0,1,0
BRDA:53,0,2,0
BRDA:53,0,3,0
BRDA:53,0,4,0
BRDA:54,1,0,0
BRDA:54,1,1,0
BRDA:58,2,0,0
BRDA:58,2,1,0
BRDA:60,3,0,0
BRDA:60,3,1,0
BRDA:63,4,0,0
BRDA:63,4,1,0
BRDA:67,5,0,0
BRDA:67,5,1,0
BRDA:76,6,0,0
BRDA:76,6,1,0
BRF:17
BRH:0
end_of_record
TN:
SF:/Users/gzus/Documents/projects/huntersS/a/atat-web-ui/src/wizard/Navigation/ButtonNavigation.vue
FN:32,(anonymous_1)
FN:36,(anonymous_2)
FN:159,(anonymous_3)
FN:160,(anonymous_4)
FNF:4
FNH:3
FNDA:3,(anonymous_1)
FNDA:0,(anonymous_2)
FNDA:5,(anonymous_3)
FNDA:10,(anonymous_4)
DA:27,1
DA:28,1
DA:32,2
DA:33,1
DA:34,3
DA:36,1
DA:37,0
DA:40,3
DA:160,5
DA:162,10
LF:10
LH:9
BRDA:160,0,0,5
BRDA:160,0,1,1
BRF:2
BRH:2
end_of_record
TN:
SF:/Users/gzus/Documents/projects/huntersS/a/atat-web-ui/src/wizard/Navigation/StepperNavigation.vue
FN:63,(anonymous_1)
FN:92,(anonymous_2)
FN:96,(anonymous_3)
FN:100,(anonymous_4)
FN:104,(anonymous_5)
FN:108,(anonymous_6)
FNF:6
FNH:0
FNDA:0,(anonymous_1)
FNDA:0,(anonymous_2)
FNDA:0,(anonymous_3)
FNDA:0,(anonymous_4)
FNDA:0,(anonymous_5)
FNDA:0,(anonymous_6)
DA:58,0
DA:59,0
DA:63,0
DA:64,0
DA:65,0
DA:66,0
DA:92,0
DA:93,0
DA:97,0
DA:101,0
DA:105,0
DA:109,0
LF:12
LH:0
BRF:0
BRH:0
end_of_record
TN:
SF:/Users/gzus/Documents/projects/huntersS/a/atat-web-ui/src/wizard/Step0/components/CreatePortfolio/CreatePortfolio.vue
FNF:0
FNH:0
DA:63,0
DA:64,0
DA:67,0
LF:3
LH:0
BRF:0
BRH:0
end_of_record
TN:
SF:/Users/gzus/Documents/projects/huntersS/a/atat-web-ui/src/wizard/Step0/components/ViewPortfolio/ViewPortfolio.vue
FN:108,(anonymous_1)
FNF:1
FNH:0
FNDA:0,(anonymous_1)
DA:103,0
DA:104,0
DA:107,0
DA:109,0
LF:4
LH:0
BRF:0
BRH:0
end_of_record
TN:
SF:/Users/gzus/Documents/projects/huntersS/a/atat-web-ui/src/wizard/Step1/components/CreatePorfolioForm.vue
FN:76,(anonymous_1)
FN:99,(anonymous_2)
FN:103,(anonymous_3)
FN:106,(anonymous_4)
FN:112,(anonymous_5)
FNF:5
FNH:0
FNDA:0,(anonymous_1)
FNDA:0,(anonymous_2)
FNDA:0,(anonymous_3)
FNDA:0,(anonymous_4)
FNDA:0,(anonymous_5)
DA:72,0
DA:73,0
DA:76,0
DA:77,0
DA:78,0
DA:92,0
DA:93,0
DA:100,0
DA:104,0
DA:105,0
DA:106,0
DA:112,0
DA:113,0
DA:116,0
LF:14
LH:0
BRDA:106,0,0,0
BRDA:106,0,1,0
BRDA:107,1,0,0
BRDA:107,1,1,0
BRF:4
BRH:0
end_of_record
TN:
SF:/Users/gzus/Documents/projects/huntersS/a/atat-web-ui/src/wizard/Step1/components/InvitePortfolioManagersTable.vue
FN:44,(anonymous_1)
FN:46,(anonymous_2)
FN:49,(anonymous_3)
FNF:3
FNH:0
FNDA:0,(anonymous_1)
FNDA:0,(anonymous_2)
FNDA:0,(anonymous_3)
DA:32,0
DA:33,0
DA:34,0
DA:35,0
DA:44,0
DA:45,0
DA:47,0
DA:50,0
DA:51,0
DA:52,0
DA:53,0
DA:54,0
DA:56,0
DA:57,0
LF:14
LH:0
BRDA:50,0,0,0
BRDA:50,0,1,0
BRDA:52,1,0,0
BRDA:52,1,1,0
BRDA:54,2,0,0
BRDA:54,2,1,0
BRF:6
BRH:0
end_of_record
TN:
SF:/Users/gzus/Documents/projects/huntersS/a/atat-web-ui/src/wizard/Step1/components/PermissionsModal.vue
FN:137,(anonymous_1)
FN:184,(anonymous_2)
FN:144,(anonymous_3)
FN:148,(anonymous_4)
FN:152,(anonymous_5)
FN:157,(anonymous_6)
FN:169,(anonymous_7)
FN:172,(anonymous_8)
FN:188,(anonymous_9)
FN:203,(anonymous_10)
FN:206,(anonymous_11)
FN:210,(anonymous_12)
FNF:12
FNH:0
FNDA:0,(anonymous_1)
FNDA:0,(anonymous_2)
FNDA:0,(anonymous_3)
FNDA:0,(anonymous_4)
FNDA:0,(anonymous_5)
FNDA:0,(anonymous_6)
FNDA:0,(anonymous_7)
FNDA:0,(anonymous_8)
FNDA:0,(anonymous_9)
FNDA:0,(anonymous_10)
FNDA:0,(anonymous_11)
FNDA:0,(anonymous_12)
DA:123,0
DA:124,0
DA:125,0
DA:132,0
DA:137,0
DA:138,0
DA:139,0
DA:141,0
DA:142,0
DA:145,0
DA:149,0
DA:153,0
DA:154,0
DA:155,0
DA:156,0
DA:157,0
DA:159,0
DA:164,0
DA:166,0
DA:170,0
DA:173,0
DA:177,0
DA:180,0
DA:181,0
DA:184,0
DA:189,0
DA:199,0
DA:200,0
DA:204,0
DA:207,0
DA:211,0
LF:31
LH:0
BRDA:184,0,0,0
BRDA:184,0,1,0
BRDA:155,1,0,0
BRDA:155,1,1,0
BRDA:155,2,0,0
BRDA:155,2,1,0
BRDA:156,3,0,0
BRDA:156,3,1,0
BRDA:159,4,0,0
BRDA:159,4,1,0
BRF:10
BRH:0
end_of_record
TN:
SF:/Users/gzus/Documents/projects/huntersS/a/atat-web-ui/src/wizard/Step1/components/PortfolioPermissionsMenu.vue
FNF:0
FNH:0
DA:25,0
DA:26,0
DA:27,0
DA:28,0
DA:29,0
DA:38,0
LF:6
LH:0
BRF:0
BRH:0
end_of_record
TN:
SF:/Users/gzus/Documents/projects/huntersS/a/atat-web-ui/src/wizard/Step1/components/ResendInvitationToast.vue
FNF:0
FNH:0
DA:6,0
DA:7,0
DA:10,0
LF:3
LH:0
BRF:0
BRH:0
end_of_record
TN:
SF:/Users/gzus/Documents/projects/huntersS/a/atat-web-ui/src/wizard/Step1/components/RevokeInvitationModal.vue
FNF:0
FNH:0
DA:6,0
DA:7,0
DA:10,0
LF:3
LH:0
BRF:0
BRH:0
end_of_record
TN:
SF:/Users/gzus/Documents/projects/huntersS/a/atat-web-ui/src/wizard/Step1/views/InvitePortfolioManager.vue
FNF:0
FNH:0
DA:8,0
DA:9,0
DA:10,0
DA:17,0
LF:4
LH:0
BRF:0
BRH:0
end_of_record
TN:
SF:/Users/gzus/Documents/projects/huntersS/a/atat-web-ui/src/wizard/Step1/views/Step1.vue
FNF:0
FNH:0
DA:6,0
DA:7,0
DA:8,0
DA:15,0
LF:4
LH:0
BRF:0
BRH:0
end_of_record
TN:
SF:/Users/gzus/Documents/projects/huntersS/a/atat-web-ui/src/wizard/Step2/views/Step2.vue
FNF:0
FNH:0
DA:6,0
DA:7,0
DA:10,0
LF:3
LH:0
BRF:0
BRH:0
end_of_record
TN:
SF:/Users/gzus/Documents/projects/huntersS/a/atat-web-ui/src/wizard/Step3/views/Step3.vue
FNF:0
FNH:0
DA:6,0
DA:7,0
DA:10,0
LF:3
LH:0
BRF:0
BRH:0
end_of_record
TN:
SF:/Users/gzus/Documents/projects/huntersS/a/atat-web-ui/src/wizard/Step4/views/Step4.vue
FNF:0
FNH:0
DA:6,0
DA:7,0
DA:10,0
LF:3
LH:0
BRF:0
BRH:0
end_of_record
TN:
SF:/Users/gzus/Documents/projects/huntersS/a/atat-web-ui/src/wizard/Step5/views/Step5.vue
FNF:0
FNH:0
DA:6,0
DA:7,0
DA:10,0
LF:3
LH:0
BRF:0
BRH:0
end_of_record
